[2025/9/17 22:02:05] 应用启动
[2025/9/17 22:02:05] 开始生成PDF预览...
[2025/9/17 22:02:05] 临时HTML文件路径: C:\Users\LSH\AppData\Local\Temp\preview.html
[2025/9/17 22:02:05] 临时PDF文件路径: C:\Users\LSH\AppData\Local\Temp\preview.pdf
[2025/9/17 22:02:05] HTML内容长度: 8212 字节
[2025/9/17 22:02:05] 写入HTML文件...
[2025/9/17 22:02:05] 临时HTML文件大小: 12608 字节
[2025/9/17 22:02:05] 尝试方法1: 使用直接PDF生成
[2025/9/17 22:02:05] 加载HTML文件...
[2025/9/17 22:02:05] HTML文件加载成功
[2025/9/17 22:02:05] 等待页面渲染 (2秒)...
[2025/9/17 22:02:07] 生成PDF...
[2025/9/17 22:02:07] PDF选项: {"printBackground":true,"pageSize":"A4"}
[2025/9/17 22:02:07] 写入临时PDF文件: C:\Users\LSH\AppData\Local\Temp\preview.pdf
[2025/9/17 22:02:07] PDF文件创建成功，大小: 182688 字节
[2025/9/17 22:02:07] PDF预览生成成功
[2025/9/17 22:02:15] 开始导出PDF流程
[2025/9/17 22:02:22] 用户选择的保存路径: C:\Users\LSH\Desktop\课程目标达成情况评价报告.pdf
[2025/9/17 22:02:22] 临时HTML文件路径: C:\Users\LSH\AppData\Local\Temp\export.html
[2025/9/17 22:02:22] 写入临时HTML文件 (8212 字节)
[2025/9/17 22:02:22] 临时HTML文件大小: 12608 字节
[2025/9/17 22:02:22] 尝试方法1: 使用Electron原生PDF导出
[2025/9/17 22:02:22] 加载HTML文件...
[2025/9/17 22:02:22] HTML文件加载成功
[2025/9/17 22:02:22] 等待页面渲染 (3秒)...
[2025/9/17 22:02:25] 调试: 已保存页面截图到 C:\Users\LSH\Desktop\debug-screenshot.png
[2025/9/17 22:02:25] 生成PDF...
[2025/9/17 22:02:25] PDF选项: {"printBackground":true,"pageSize":"A4","landscape":false,"preferCSSPageSize":true,"scaleFactor":100}
[2025/9/17 22:02:26] 写入PDF文件: C:\Users\LSH\Desktop\课程目标达成情况评价报告.pdf
[2025/9/17 22:02:26] PDF文件已生成，大小: 182713 字节
[2025/9/17 22:02:26] 方法1成功: PDF导出成功
[2025/9/17 22:02:26] 已自动打开PDF文件
[2025/9/18 19:45:22] 应用启动
[2025/9/18 19:45:22] 开始生成PDF预览...
[2025/9/18 19:45:22] 临时HTML文件路径: C:\Users\LSH\AppData\Local\Temp\preview.html
[2025/9/18 19:45:22] 临时PDF文件路径: C:\Users\LSH\AppData\Local\Temp\preview.pdf
[2025/9/18 19:45:22] HTML内容长度: 8212 字节
[2025/9/18 19:45:22] 写入HTML文件...
[2025/9/18 19:45:22] 临时HTML文件大小: 12608 字节
[2025/9/18 19:45:22] 尝试方法1: 使用直接PDF生成
[2025/9/18 19:45:22] 加载HTML文件...
[2025/9/18 19:45:22] HTML文件加载成功
[2025/9/18 19:45:22] 等待页面渲染 (2秒)...
[2025/9/18 19:45:24] 生成PDF...
[2025/9/18 19:45:24] PDF选项: {"printBackground":true,"pageSize":"A4"}
[2025/9/18 19:45:25] 写入临时PDF文件: C:\Users\LSH\AppData\Local\Temp\preview.pdf
[2025/9/18 19:45:25] PDF文件创建成功，大小: 182688 字节
[2025/9/18 19:45:25] PDF预览生成成功
[2025/9/18 19:45:38] 开始生成PDF预览...
[2025/9/18 19:45:38] 临时HTML文件路径: C:\Users\LSH\AppData\Local\Temp\preview.html
[2025/9/18 19:45:38] 临时PDF文件路径: C:\Users\LSH\AppData\Local\Temp\preview.pdf
[2025/9/18 19:45:38] HTML内容长度: 8212 字节
[2025/9/18 19:45:38] 写入HTML文件...
[2025/9/18 19:45:38] 临时HTML文件大小: 12608 字节
[2025/9/18 19:45:38] 尝试方法1: 使用直接PDF生成
[2025/9/18 19:45:38] 加载HTML文件...
[2025/9/18 19:45:38] HTML文件加载成功
[2025/9/18 19:45:38] 等待页面渲染 (2秒)...
[2025/9/18 19:45:40] 生成PDF...
[2025/9/18 19:45:40] PDF选项: {"printBackground":true,"pageSize":"A4"}
[2025/9/18 19:45:41] 写入临时PDF文件: C:\Users\LSH\AppData\Local\Temp\preview.pdf
[2025/9/18 19:45:41] PDF文件创建成功，大小: 182688 字节
[2025/9/18 19:45:41] PDF预览生成成功
[2025/9/18 19:45:55] 开始生成PDF预览...
[2025/9/18 19:45:55] 临时HTML文件路径: C:\Users\LSH\AppData\Local\Temp\preview.html
[2025/9/18 19:45:55] 临时PDF文件路径: C:\Users\LSH\AppData\Local\Temp\preview.pdf
[2025/9/18 19:45:55] HTML内容长度: 8210 字节
[2025/9/18 19:45:55] 写入HTML文件...
[2025/9/18 19:45:55] 临时HTML文件大小: 12606 字节
[2025/9/18 19:45:55] 尝试方法1: 使用直接PDF生成
[2025/9/18 19:45:55] 加载HTML文件...
[2025/9/18 19:45:55] 开始生成PDF预览...
[2025/9/18 19:45:55] 临时HTML文件路径: C:\Users\LSH\AppData\Local\Temp\preview.html
[2025/9/18 19:45:55] 临时PDF文件路径: C:\Users\LSH\AppData\Local\Temp\preview.pdf
[2025/9/18 19:45:55] HTML内容长度: 8211 字节
[2025/9/18 19:45:55] 写入HTML文件...
[2025/9/18 19:45:55] 临时HTML文件大小: 12607 字节
[2025/9/18 19:45:55] 尝试方法1: 使用直接PDF生成
[2025/9/18 19:45:55] 加载HTML文件...
[2025/9/18 19:45:55] 开始生成PDF预览...
[2025/9/18 19:45:55] 临时HTML文件路径: C:\Users\LSH\AppData\Local\Temp\preview.html
[2025/9/18 19:45:55] 临时PDF文件路径: C:\Users\LSH\AppData\Local\Temp\preview.pdf
[2025/9/18 19:45:55] HTML内容长度: 8212 字节
[2025/9/18 19:45:55] 写入HTML文件...
[2025/9/18 19:45:55] 临时HTML文件大小: 12608 字节
[2025/9/18 19:45:55] 尝试方法1: 使用直接PDF生成
[2025/9/18 19:45:55] 加载HTML文件...
[2025/9/18 19:45:55] HTML文件加载成功
[2025/9/18 19:45:55] 等待页面渲染 (2秒)...
[2025/9/18 19:45:55] HTML文件加载成功
[2025/9/18 19:45:55] 等待页面渲染 (2秒)...
[2025/9/18 19:45:55] HTML文件加载成功
[2025/9/18 19:45:55] 等待页面渲染 (2秒)...
[2025/9/18 19:45:56] 开始生成PDF预览...
[2025/9/18 19:45:56] 临时HTML文件路径: C:\Users\LSH\AppData\Local\Temp\preview.html
[2025/9/18 19:45:56] 临时PDF文件路径: C:\Users\LSH\AppData\Local\Temp\preview.pdf
[2025/9/18 19:45:56] HTML内容长度: 8210 字节
[2025/9/18 19:45:56] 写入HTML文件...
[2025/9/18 19:45:56] 临时HTML文件大小: 12606 字节
[2025/9/18 19:45:56] 尝试方法1: 使用直接PDF生成
[2025/9/18 19:45:56] 加载HTML文件...
[2025/9/18 19:45:56] 开始生成PDF预览...
[2025/9/18 19:45:56] 临时HTML文件路径: C:\Users\LSH\AppData\Local\Temp\preview.html
[2025/9/18 19:45:56] 临时PDF文件路径: C:\Users\LSH\AppData\Local\Temp\preview.pdf
[2025/9/18 19:45:56] HTML内容长度: 8210 字节
[2025/9/18 19:45:56] 写入HTML文件...
[2025/9/18 19:45:56] 临时HTML文件大小: 12606 字节
[2025/9/18 19:45:56] 尝试方法1: 使用直接PDF生成
[2025/9/18 19:45:56] 加载HTML文件...
[2025/9/18 19:45:56] 开始生成PDF预览...
[2025/9/18 19:45:56] 临时HTML文件路径: C:\Users\LSH\AppData\Local\Temp\preview.html
[2025/9/18 19:45:56] 临时PDF文件路径: C:\Users\LSH\AppData\Local\Temp\preview.pdf
[2025/9/18 19:45:56] HTML内容长度: 8211 字节
[2025/9/18 19:45:56] 写入HTML文件...
[2025/9/18 19:45:56] 临时HTML文件大小: 12607 字节
[2025/9/18 19:45:56] 尝试方法1: 使用直接PDF生成
[2025/9/18 19:45:56] 加载HTML文件...
[2025/9/18 19:45:56] HTML文件加载成功
[2025/9/18 19:45:56] 等待页面渲染 (2秒)...
[2025/9/18 19:45:56] HTML文件加载成功
[2025/9/18 19:45:56] 等待页面渲染 (2秒)...
[2025/9/18 19:45:56] HTML文件加载成功
[2025/9/18 19:45:56] 等待页面渲染 (2秒)...
[2025/9/18 19:45:57] 开始生成PDF预览...
[2025/9/18 19:45:57] 临时HTML文件路径: C:\Users\LSH\AppData\Local\Temp\preview.html
[2025/9/18 19:45:57] 临时PDF文件路径: C:\Users\LSH\AppData\Local\Temp\preview.pdf
[2025/9/18 19:45:57] HTML内容长度: 8209 字节
[2025/9/18 19:45:57] 写入HTML文件...
[2025/9/18 19:45:57] 临时HTML文件大小: 12599 字节
[2025/9/18 19:45:57] 尝试方法1: 使用直接PDF生成
[2025/9/18 19:45:57] 加载HTML文件...
[2025/9/18 19:45:57] HTML文件加载成功
[2025/9/18 19:45:57] 等待页面渲染 (2秒)...
[2025/9/18 19:45:57] 生成PDF...
[2025/9/18 19:45:57] PDF选项: {"printBackground":true,"pageSize":"A4"}
[2025/9/18 19:45:57] 生成PDF...
[2025/9/18 19:45:57] PDF选项: {"printBackground":true,"pageSize":"A4"}
[2025/9/18 19:45:57] 生成PDF...
[2025/9/18 19:45:57] PDF选项: {"printBackground":true,"pageSize":"A4"}
[2025/9/18 19:45:57] 写入临时PDF文件: C:\Users\LSH\AppData\Local\Temp\preview.pdf
[2025/9/18 19:45:57] PDF文件创建成功，大小: 182680 字节
[2025/9/18 19:45:57] PDF预览生成成功
[2025/9/18 19:45:58] 开始生成PDF预览...
[2025/9/18 19:45:58] 临时HTML文件路径: C:\Users\LSH\AppData\Local\Temp\preview.html
[2025/9/18 19:45:58] 临时PDF文件路径: C:\Users\LSH\AppData\Local\Temp\preview.pdf
[2025/9/18 19:45:58] HTML内容长度: 8208 字节
[2025/9/18 19:45:58] 写入HTML文件...
[2025/9/18 19:45:58] 临时HTML文件大小: 12594 字节
[2025/9/18 19:45:58] 尝试方法1: 使用直接PDF生成
[2025/9/18 19:45:58] 加载HTML文件...
[2025/9/18 19:45:58] 生成PDF...
[2025/9/18 19:45:58] PDF选项: {"printBackground":true,"pageSize":"A4"}
[2025/9/18 19:45:58] 写入临时PDF文件: C:\Users\LSH\AppData\Local\Temp\preview.pdf
[2025/9/18 19:45:58] PDF文件创建成功，大小: 182680 字节
[2025/9/18 19:45:58] PDF预览生成成功
[2025/9/18 19:45:58] 生成PDF...
[2025/9/18 19:45:58] PDF选项: {"printBackground":true,"pageSize":"A4"}
[2025/9/18 19:45:58] 生成PDF...
[2025/9/18 19:45:58] PDF选项: {"printBackground":true,"pageSize":"A4"}
[2025/9/18 19:45:58] HTML文件加载成功
[2025/9/18 19:45:58] 等待页面渲染 (2秒)...
[2025/9/18 19:45:58] 写入临时PDF文件: C:\Users\LSH\AppData\Local\Temp\preview.pdf
[2025/9/18 19:45:58] PDF文件创建成功，大小: 182688 字节
[2025/9/18 19:45:58] PDF预览生成成功
[2025/9/18 19:45:59] 开始生成PDF预览...
[2025/9/18 19:45:59] 临时HTML文件路径: C:\Users\LSH\AppData\Local\Temp\preview.html
[2025/9/18 19:45:59] 临时PDF文件路径: C:\Users\LSH\AppData\Local\Temp\preview.pdf
[2025/9/18 19:45:59] HTML内容长度: 8207 字节
[2025/9/18 19:45:59] 写入HTML文件...
[2025/9/18 19:45:59] 临时HTML文件大小: 12593 字节
[2025/9/18 19:45:59] 尝试方法1: 使用直接PDF生成
[2025/9/18 19:45:59] 加载HTML文件...
[2025/9/18 19:45:59] 写入临时PDF文件: C:\Users\LSH\AppData\Local\Temp\preview.pdf
[2025/9/18 19:45:59] PDF文件创建成功，大小: 182683 字节
[2025/9/18 19:45:59] PDF预览生成成功
[2025/9/18 19:45:59] HTML文件加载成功
[2025/9/18 19:45:59] 等待页面渲染 (2秒)...
[2025/9/18 19:45:59] 生成PDF...
[2025/9/18 19:45:59] PDF选项: {"printBackground":true,"pageSize":"A4"}
[2025/9/18 19:45:59] 写入临时PDF文件: C:\Users\LSH\AppData\Local\Temp\preview.pdf
[2025/9/18 19:45:59] PDF文件创建成功，大小: 182685 字节
[2025/9/18 19:45:59] PDF预览生成成功
[2025/9/18 19:45:59] 写入临时PDF文件: C:\Users\LSH\AppData\Local\Temp\preview.pdf
[2025/9/18 19:45:59] PDF文件创建成功，大小: 182685 字节
[2025/9/18 19:45:59] PDF预览生成成功
[2025/9/18 19:46:00] 写入临时PDF文件: C:\Users\LSH\AppData\Local\Temp\preview.pdf
[2025/9/18 19:46:00] PDF文件创建成功，大小: 182476 字节
[2025/9/18 19:46:00] PDF预览生成成功
[2025/9/18 19:46:00] 生成PDF...
[2025/9/18 19:46:00] PDF选项: {"printBackground":true,"pageSize":"A4"}
[2025/9/18 19:46:00] 写入临时PDF文件: C:\Users\LSH\AppData\Local\Temp\preview.pdf
[2025/9/18 19:46:00] PDF文件创建成功，大小: 182470 字节
[2025/9/18 19:46:00] PDF预览生成成功
[2025/9/18 19:46:01] 生成PDF...
[2025/9/18 19:46:01] PDF选项: {"printBackground":true,"pageSize":"A4"}
[2025/9/18 19:46:01] 写入临时PDF文件: C:\Users\LSH\AppData\Local\Temp\preview.pdf
[2025/9/18 19:46:01] PDF文件创建成功，大小: 182469 字节
[2025/9/18 19:46:01] PDF预览生成成功
[2025/9/18 19:46:20] 开始导出PDF流程
[2025/9/18 19:46:31] 用户选择的保存路径: C:\Users\LSH\Desktop\11111.pdf
[2025/9/18 19:46:31] 临时HTML文件路径: C:\Users\LSH\AppData\Local\Temp\export.html
[2025/9/18 19:46:31] 写入临时HTML文件 (8207 字节)
[2025/9/18 19:46:31] 临时HTML文件大小: 12593 字节
[2025/9/18 19:46:31] 尝试方法1: 使用Electron原生PDF导出
[2025/9/18 19:46:31] 加载HTML文件...
[2025/9/18 19:46:31] HTML文件加载成功
[2025/9/18 19:46:31] 等待页面渲染 (3秒)...
[2025/9/18 19:46:34] 调试: 已保存页面截图到 C:\Users\LSH\Desktop\debug-screenshot.png
[2025/9/18 19:46:34] 生成PDF...
[2025/9/18 19:46:34] PDF选项: {"printBackground":true,"pageSize":"A4","landscape":false,"preferCSSPageSize":true,"scaleFactor":100}
[2025/9/18 19:46:35] 写入PDF文件: C:\Users\LSH\Desktop\11111.pdf
[2025/9/18 19:46:35] PDF文件已生成，大小: 182494 字节
[2025/9/18 19:46:35] 方法1成功: PDF导出成功
[2025/9/18 19:46:35] 已自动打开PDF文件
[2025/9/19 22:17:34] 应用启动
[2025/9/19 22:17:35] 开始生成PDF预览...
[2025/9/19 22:17:35] 临时HTML文件路径: C:\Users\LSH\AppData\Local\Temp\preview.html
[2025/9/19 22:17:35] 临时PDF文件路径: C:\Users\LSH\AppData\Local\Temp\preview.pdf
[2025/9/19 22:17:35] HTML内容长度: 8207 字节
[2025/9/19 22:17:35] 写入HTML文件...
[2025/9/19 22:17:35] 临时HTML文件大小: 12593 字节
[2025/9/19 22:17:35] 尝试方法1: 使用直接PDF生成
[2025/9/19 22:17:35] 加载HTML文件...
[2025/9/19 22:17:35] HTML文件加载成功
[2025/9/19 22:17:35] 等待页面渲染 (2秒)...
[2025/9/19 22:17:37] 生成PDF...
[2025/9/19 22:17:37] PDF选项: {"printBackground":true,"pageSize":"A4"}
[2025/9/19 22:17:37] 写入临时PDF文件: C:\Users\LSH\AppData\Local\Temp\preview.pdf
[2025/9/19 22:17:37] PDF文件创建成功，大小: 182469 字节
[2025/9/19 22:17:37] PDF预览生成成功
[2025/9/19 22:18:25] 应用启动
[2025/9/19 22:18:25] 开始生成PDF预览...
[2025/9/19 22:18:25] 临时HTML文件路径: C:\Users\LSH\AppData\Local\Temp\preview.html
[2025/9/19 22:18:25] 临时PDF文件路径: C:\Users\LSH\AppData\Local\Temp\preview.pdf
[2025/9/19 22:18:25] HTML内容长度: 8207 字节
[2025/9/19 22:18:25] 写入HTML文件...
[2025/9/19 22:18:25] 临时HTML文件大小: 12593 字节
[2025/9/19 22:18:25] 尝试方法1: 使用直接PDF生成
[2025/9/19 22:18:25] 加载HTML文件...
[2025/9/19 22:18:26] HTML文件加载成功
[2025/9/19 22:18:26] 等待页面渲染 (2秒)...
[2025/9/19 22:18:28] 生成PDF...
[2025/9/19 22:18:28] PDF选项: {"printBackground":true,"pageSize":"A4"}
[2025/9/19 22:18:28] 写入临时PDF文件: C:\Users\LSH\AppData\Local\Temp\preview.pdf
[2025/9/19 22:18:28] PDF文件创建成功，大小: 182469 字节
[2025/9/19 22:18:28] PDF预览生成成功
[2025/9/19 22:18:59] 应用启动
[2025/9/19 22:19:00] 开始生成PDF预览...
[2025/9/19 22:19:00] 临时HTML文件路径: C:\Users\LSH\AppData\Local\Temp\preview.html
[2025/9/19 22:19:00] 临时PDF文件路径: C:\Users\LSH\AppData\Local\Temp\preview.pdf
[2025/9/19 22:19:00] HTML内容长度: 8207 字节
[2025/9/19 22:19:00] 写入HTML文件...
[2025/9/19 22:19:00] 临时HTML文件大小: 12593 字节
[2025/9/19 22:19:00] 尝试方法1: 使用直接PDF生成
[2025/9/19 22:19:00] 加载HTML文件...
[2025/9/19 22:19:00] HTML文件加载成功
[2025/9/19 22:19:00] 等待页面渲染 (2秒)...
[2025/9/19 22:19:02] 生成PDF...
[2025/9/19 22:19:02] PDF选项: {"printBackground":true,"pageSize":"A4"}
[2025/9/19 22:19:02] 写入临时PDF文件: C:\Users\LSH\AppData\Local\Temp\preview.pdf
[2025/9/19 22:19:02] PDF文件创建成功，大小: 182469 字节
[2025/9/19 22:19:02] PDF预览生成成功
[2025/9/19 22:19:54] 应用启动
[2025/9/19 22:19:54] 开始生成PDF预览...
[2025/9/19 22:19:54] 临时HTML文件路径: C:\Users\LSH\AppData\Local\Temp\preview.html
[2025/9/19 22:19:54] 临时PDF文件路径: C:\Users\LSH\AppData\Local\Temp\preview.pdf
[2025/9/19 22:19:54] HTML内容长度: 8207 字节
[2025/9/19 22:19:54] 写入HTML文件...
[2025/9/19 22:19:54] 临时HTML文件大小: 12593 字节
[2025/9/19 22:19:54] 尝试方法1: 使用直接PDF生成
[2025/9/19 22:19:54] 加载HTML文件...
[2025/9/19 22:19:55] HTML文件加载成功
[2025/9/19 22:19:55] 等待页面渲染 (2秒)...
[2025/9/19 22:19:57] 生成PDF...
[2025/9/19 22:19:57] PDF选项: {"printBackground":true,"pageSize":"A4"}
[2025/9/19 22:19:57] 写入临时PDF文件: C:\Users\LSH\AppData\Local\Temp\preview.pdf
[2025/9/19 22:19:57] PDF文件创建成功，大小: 182469 字节
[2025/9/19 22:19:57] PDF预览生成成功
